<?xml version="1.0" encoding="UTF-8"?>
<!-- Generated by org.testng.reporters.JUnitReportReporter -->
<testsuite hostname="ojt30-PC" name="DriverFactory.AppTest" tests="1" failures="0" timestamp="23 Sep 2019 07:42:20 GMT" time="1.100" errors="0">
  <testcase name="kickStart" time="1.100" classname="DriverFactory.AppTest"/>
</testsuite> <!-- DriverFactory.AppTest -->
